  BaseObject.cpp
D:\GEOMETRYDASH_ver_2\lemon\GameSDL26_2\CommonFunc.h(10,10): error C1083: Cannot open include file: 'SDL.h': No such file or directory
  (compiling source file 'BaseObject.cpp')
  
  BossObject.cpp
D:\GEOMETRYDASH_ver_2\lemon\GameSDL26_2\CommonFunc.h(10,10): error C1083: Cannot open include file: 'SDL.h': No such file or directory
  (compiling source file 'BossObject.cpp')
  
  BulletObject.cpp
D:\GEOMETRYDASH_ver_2\lemon\GameSDL26_2\CommonFunc.h(10,10): error C1083: Cannot open include file: 'SDL.h': No such file or directory
  (compiling source file 'BulletObject.cpp')
  
  game_map.cpp
D:\GEOMETRYDASH_ver_2\lemon\GameSDL26_2\CommonFunc.h(10,10): error C1083: Cannot open include file: 'SDL.h': No such file or directory
  (compiling source file 'game_map.cpp')
  
  ImpTimer.cpp
D:\GEOMETRYDASH_ver_2\lemon\GameSDL26_2\CommonFunc.h(10,10): error C1083: Cannot open include file: 'SDL.h': No such file or directory
  (compiling source file 'ImpTimer.cpp')
  
  LText.cpp
D:\GEOMETRYDASH_ver_2\lemon\GameSDL26_2\LText.h(4,10): error C1083: Cannot open include file: 'SDL.h': No such file or directory
  (compiling source file 'LText.cpp')
  
  Main.cpp
D:\GEOMETRYDASH_ver_2\lemon\GameSDL26_2\CommonFunc.h(10,10): error C1083: Cannot open include file: 'SDL.h': No such file or directory
  (compiling source file 'Main.cpp')
  
  MainObject.cpp
D:\GEOMETRYDASH_ver_2\lemon\GameSDL26_2\CommonFunc.h(10,10): error C1083: Cannot open include file: 'SDL.h': No such file or directory
  (compiling source file 'MainObject.cpp')
  
  Generating Code...
